********************************************************************************
DUPLICATOR-LITE PACKAGE-LOG: 21 September, 2020 12:06 pm
NOTICE: Do NOT post to public sites or forums 
********************************************************************************
VERSION:	1.3.36
WORDPRESS:	5.5.1
PHP INFO:	7.4.6 | SAPI: apache2handler
SERVER:		Apache/2.4.43 (Win64) OpenSSL/1.1.1g PHP/7.4.6 
PHP TIME LIMIT: (0) no time limit imposed 
PHP MAX MEMORY: 4294967296 (512M default) 
MEMORY STACK: 10MB

********************************************************************************
DATABASE:
********************************************************************************
BUILD MODE:   MYSQLDUMP
MYSQLTIMEOUT: 5000
MYSQLDUMP:    Is Supported
SQL CREATED: 20200820_hostdci_802ec07bc2b345821154_20200921120602_database.sql
SQL FILE SIZE: 4.79MB (5023025)
SQL FILE TIME: 2020-09-21 12:07:21
SQL RUNTIME: 26.28 sec.

********************************************************************************
ARCHIVE (ZIP):
********************************************************************************
ARCHIVE DIR:  C:/xampp/htdocs/DCI
ARCHIVE FILE: 20200820_hostdci_802ec07bc2b345821154_20200921120602_archive.zip
FILTERS: *OFF*
DIRS:
	not set
FILES:
	not set
EXTS:  not set
----------------------------------------
COMPRESSING
SIZE:	171.25MB
STATS:	Dirs 1,138 | Files 5,742
SQL ADDED: 20200820_hostdci_802ec07bc2b345821154_20200921120602_database.sql
ZipArchive Object
(
    [status] => 0
    [statusSys] => 0
    [numFiles] => 6880
    [filename] => C:\xampp\htdocs\DCI\wp-content\backups-dup-lite\tmp\20200820_hostdci_802ec07bc2b345821154_20200921120602_archive.zip
    [comment] => 
)

FILE ADDED TO ZIP: 6879
COMPRESSION RESULT: '1'
COMPRESSED SIZE: 55.5MB
ARCHIVE RUNTIME: 206.84 sec.
MEMORY STACK: 12MB
building installer
add_extra_files1
add_extra_files2
add_extra_files3
add_extra_files4
Doing archive file check
add_extra_files5
add_extra_files6
add_extra_files8
Successfully opened zip C:/xampp/htdocs/DCI/wp-content/backups-dup-lite/tmp/20200820_hostdci_802ec07bc2b345821154_20200921120602_archive.zip
Adding enhanced installer files to archive using ZipArchive
Installer files added to archive
Added to archive
After ziparchive close when adding installer

********************************************************************************
INTEGRITY CHECKS:
********************************************************************************
SQL FILE: 4.79MB
INSTALLER FILE: 61.31KB
ARCHIVE FILE: 57MB 
EXPECTED FILE/DIRECTORY COUNT: 6,880
ACTUAL FILE/DIRECTORY COUNT: 6,879
ARCHIVE CONSISTENCY TEST: Pass

********************************************************************************
RECORD ID:[2]
TOTAL PROCESS RUNTIME: 236.69 sec.
PEAK PHP MEMORY USED: 14MB
DONE PROCESSING => 20200820_hostdci 21 September, 2020 12:10 pm

